Classic Timing Analyzer report for Block1
Tue Nov 30 16:58:24 2021
Quartus II Version 9.0 Build 184 04/29/2009 Service Pack 1 SJ Web Edition


---------------------
; Table of Contents ;
---------------------
  1. Legal Notice
  2. Timing Analyzer Summary
  3. Timing Analyzer Settings
  4. Clock Settings Summary
  5. Parallel Compilation
  6. Clock Setup: 'CLK'
  7. tsu
  8. tco
  9. th
 10. Timing Analyzer Messages



----------------
; Legal Notice ;
----------------
Copyright (C) 1991-2009 Altera Corporation
Your use of Altera Corporation's design tools, logic functions 
and other software and tools, and its AMPP partner logic 
functions, and any output files from any of the foregoing 
(including device programming or simulation files), and any 
associated documentation or information are expressly subject 
to the terms and conditions of the Altera Program License 
Subscription Agreement, Altera MegaCore Function License 
Agreement, or other applicable license agreement, including, 
without limitation, that your use is for the sole purpose of 
programming logic devices manufactured by Altera and sold by 
Altera or its authorized distributors.  Please refer to the 
applicable agreement for further details.



+-----------------------------------------------------------------------------------------------------------------------------------------------------------------------------+
; Timing Analyzer Summary                                                                                                                                                     ;
+------------------------------+-------+---------------+------------------------------------------------+--------------+---------------+------------+----------+--------------+
; Type                         ; Slack ; Required Time ; Actual Time                                    ; From         ; To            ; From Clock ; To Clock ; Failed Paths ;
+------------------------------+-------+---------------+------------------------------------------------+--------------+---------------+------------+----------+--------------+
; Worst-case tsu               ; N/A   ; None          ; 3.728 ns                                       ; JK0          ; 74112:inst|8  ; --         ; CLK      ; 0            ;
; Worst-case tco               ; N/A   ; None          ; 6.825 ns                                       ; 74112:inst|8 ; Q0            ; CLK        ; --       ; 0            ;
; Worst-case th                ; N/A   ; None          ; -3.462 ns                                      ; JK0          ; 74112:inst|8  ; --         ; CLK      ; 0            ;
; Clock Setup: 'CLK'           ; N/A   ; None          ; Restricted to 340.02 MHz ( period = 2.941 ns ) ; 74112:inst|8 ; 74112:inst1|8 ; CLK        ; CLK      ; 0            ;
; Total number of failed paths ;       ;               ;                                                ;              ;               ;            ;          ; 0            ;
+------------------------------+-------+---------------+------------------------------------------------+--------------+---------------+------------+----------+--------------+


+--------------------------------------------------------------------------------------------------------------------+
; Timing Analyzer Settings                                                                                           ;
+---------------------------------------------------------------------+--------------------+------+----+-------------+
; Option                                                              ; Setting            ; From ; To ; Entity Name ;
+---------------------------------------------------------------------+--------------------+------+----+-------------+
; Device Name                                                         ; EP2C5T144C8        ;      ;    ;             ;
; Timing Models                                                       ; Final              ;      ;    ;             ;
; Default hold multicycle                                             ; Same as Multicycle ;      ;    ;             ;
; Cut paths between unrelated clock domains                           ; On                 ;      ;    ;             ;
; Cut off read during write signal paths                              ; On                 ;      ;    ;             ;
; Cut off feedback from I/O pins                                      ; On                 ;      ;    ;             ;
; Report Combined Fast/Slow Timing                                    ; Off                ;      ;    ;             ;
; Ignore Clock Settings                                               ; Off                ;      ;    ;             ;
; Analyze latches as synchronous elements                             ; On                 ;      ;    ;             ;
; Enable Recovery/Removal analysis                                    ; Off                ;      ;    ;             ;
; Enable Clock Latency                                                ; Off                ;      ;    ;             ;
; Use TimeQuest Timing Analyzer                                       ; Off                ;      ;    ;             ;
; Minimum Core Junction Temperature                                   ; 0                  ;      ;    ;             ;
; Maximum Core Junction Temperature                                   ; 85                 ;      ;    ;             ;
; Number of source nodes to report per destination node               ; 10                 ;      ;    ;             ;
; Number of destination nodes to report                               ; 10                 ;      ;    ;             ;
; Number of paths to report                                           ; 200                ;      ;    ;             ;
; Report Minimum Timing Checks                                        ; Off                ;      ;    ;             ;
; Use Fast Timing Models                                              ; Off                ;      ;    ;             ;
; Report IO Paths Separately                                          ; Off                ;      ;    ;             ;
; Perform Multicorner Analysis                                        ; On                 ;      ;    ;             ;
; Reports the worst-case path for each clock domain and analysis      ; Off                ;      ;    ;             ;
; Removes common clock path pessimism (CCPP) during slack computation ; Off                ;      ;    ;             ;
; Output I/O Timing Endpoint                                          ; Near End           ;      ;    ;             ;
+---------------------------------------------------------------------+--------------------+------+----+-------------+


+------------------------------------------------------------------------------------------------------------------------------------------------------------------------------------+
; Clock Settings Summary                                                                                                                                                             ;
+-----------------+--------------------+----------+------------------+---------------+--------------+----------+-----------------------+---------------------+--------+--------------+
; Clock Node Name ; Clock Setting Name ; Type     ; Fmax Requirement ; Early Latency ; Late Latency ; Based on ; Multiply Base Fmax by ; Divide Base Fmax by ; Offset ; Phase offset ;
+-----------------+--------------------+----------+------------------+---------------+--------------+----------+-----------------------+---------------------+--------+--------------+
; CLK             ;                    ; User Pin ; None             ; 0.000 ns      ; 0.000 ns     ; --       ; N/A                   ; N/A                 ; N/A    ;              ;
+-----------------+--------------------+----------+------------------+---------------+--------------+----------+-----------------------+---------------------+--------+--------------+


Parallel compilation was disabled, but you have multiple processors available. Enable parallel compilation to reduce compilation time.
+-------------------------------------+
; Parallel Compilation                ;
+----------------------------+--------+
; Processors                 ; Number ;
+----------------------------+--------+
; Number detected on machine ; 6      ;
; Maximum allowed            ; 1      ;
+----------------------------+--------+


+----------------------------------------------------------------------------------------------------------------------------------------------------------------------------------------------------+
; Clock Setup: 'CLK'                                                                                                                                                                                 ;
+-------+------------------------------------------------+---------------+---------------+------------+----------+-----------------------------+---------------------------+-------------------------+
; Slack ; Actual fmax (period)                           ; From          ; To            ; From Clock ; To Clock ; Required Setup Relationship ; Required Longest P2P Time ; Actual Longest P2P Time ;
+-------+------------------------------------------------+---------------+---------------+------------+----------+-----------------------------+---------------------------+-------------------------+
; N/A   ; Restricted to 340.02 MHz ( period = 2.941 ns ) ; 74112:inst|8  ; 74112:inst1|8 ; CLK        ; CLK      ; None                        ; None                      ; 0.754 ns                ;
; N/A   ; Restricted to 340.02 MHz ( period = 2.941 ns ) ; 74112:inst|8  ; 74112:inst|8  ; CLK        ; CLK      ; None                        ; None                      ; 0.501 ns                ;
; N/A   ; Restricted to 340.02 MHz ( period = 2.941 ns ) ; 74112:inst1|8 ; 74112:inst1|8 ; CLK        ; CLK      ; None                        ; None                      ; 0.501 ns                ;
+-------+------------------------------------------------+---------------+---------------+------------+----------+-----------------------------+---------------------------+-------------------------+


+--------------------------------------------------------------------+
; tsu                                                                ;
+-------+--------------+------------+------+--------------+----------+
; Slack ; Required tsu ; Actual tsu ; From ; To           ; To Clock ;
+-------+--------------+------------+------+--------------+----------+
; N/A   ; None         ; 3.728 ns   ; JK0  ; 74112:inst|8 ; CLK      ;
+-------+--------------+------------+------+--------------+----------+


+---------------------------------------------------------------------+
; tco                                                                 ;
+-------+--------------+------------+---------------+----+------------+
; Slack ; Required tco ; Actual tco ; From          ; To ; From Clock ;
+-------+--------------+------------+---------------+----+------------+
; N/A   ; None         ; 6.825 ns   ; 74112:inst|8  ; Q0 ; CLK        ;
; N/A   ; None         ; 6.816 ns   ; 74112:inst1|8 ; Q1 ; CLK        ;
+-------+--------------+------------+---------------+----+------------+


+--------------------------------------------------------------------------+
; th                                                                       ;
+---------------+-------------+-----------+------+--------------+----------+
; Minimum Slack ; Required th ; Actual th ; From ; To           ; To Clock ;
+---------------+-------------+-----------+------+--------------+----------+
; N/A           ; None        ; -3.462 ns ; JK0  ; 74112:inst|8 ; CLK      ;
+---------------+-------------+-----------+------+--------------+----------+


+--------------------------+
; Timing Analyzer Messages ;
+--------------------------+
Info: *******************************************************************
Info: Running Quartus II Classic Timing Analyzer
    Info: Version 9.0 Build 184 04/29/2009 Service Pack 1 SJ Web Edition
    Info: Processing started: Tue Nov 30 16:58:24 2021
Info: Command: quartus_tan --read_settings_files=off --write_settings_files=off Block1 -c Block1 --timing_analysis_only
Warning: Found pins functioning as undefined clocks and/or memory enables
    Info: Assuming node "CLK" is an undefined clock
Info: Clock "CLK" Internal fmax is restricted to 340.02 MHz between source register "74112:inst|8" and destination register "74112:inst1|8"
    Info: fmax restricted to clock pin edge rate 2.941 ns. Expand message to see actual delay path.
        Info: + Longest register to register delay is 0.754 ns
            Info: 1: + IC(0.000 ns) + CELL(0.000 ns) = 0.000 ns; Loc. = LCFF_X1_Y11_N1; Fanout = 3; REG Node = '74112:inst|8'
            Info: 2: + IC(0.440 ns) + CELL(0.206 ns) = 0.646 ns; Loc. = LCCOMB_X1_Y11_N26; Fanout = 1; COMB Node = '74112:inst1|8~3'
            Info: 3: + IC(0.000 ns) + CELL(0.108 ns) = 0.754 ns; Loc. = LCFF_X1_Y11_N27; Fanout = 2; REG Node = '74112:inst1|8'
            Info: Total cell delay = 0.314 ns ( 41.64 % )
            Info: Total interconnect delay = 0.440 ns ( 58.36 % )
        Info: - Smallest clock skew is 0.000 ns
            Info: + Shortest clock path from clock "CLK" to destination register is 2.750 ns
                Info: 1: + IC(0.000 ns) + CELL(1.100 ns) = 1.100 ns; Loc. = PIN_17; Fanout = 1; CLK Node = 'CLK'
                Info: 2: + IC(0.143 ns) + CELL(0.000 ns) = 1.243 ns; Loc. = CLKCTRL_G2; Fanout = 2; COMB Node = 'CLK~clkctrl'
                Info: 3: + IC(0.841 ns) + CELL(0.666 ns) = 2.750 ns; Loc. = LCFF_X1_Y11_N27; Fanout = 2; REG Node = '74112:inst1|8'
                Info: Total cell delay = 1.766 ns ( 64.22 % )
                Info: Total interconnect delay = 0.984 ns ( 35.78 % )
            Info: - Longest clock path from clock "CLK" to source register is 2.750 ns
                Info: 1: + IC(0.000 ns) + CELL(1.100 ns) = 1.100 ns; Loc. = PIN_17; Fanout = 1; CLK Node = 'CLK'
                Info: 2: + IC(0.143 ns) + CELL(0.000 ns) = 1.243 ns; Loc. = CLKCTRL_G2; Fanout = 2; COMB Node = 'CLK~clkctrl'
                Info: 3: + IC(0.841 ns) + CELL(0.666 ns) = 2.750 ns; Loc. = LCFF_X1_Y11_N1; Fanout = 3; REG Node = '74112:inst|8'
                Info: Total cell delay = 1.766 ns ( 64.22 % )
                Info: Total interconnect delay = 0.984 ns ( 35.78 % )
        Info: + Micro clock to output delay of source is 0.304 ns
        Info: + Micro setup delay of destination is -0.040 ns
Info: tsu for register "74112:inst|8" (data pin = "JK0", clock pin = "CLK") is 3.728 ns
    Info: + Longest pin to register delay is 6.518 ns
        Info: 1: + IC(0.000 ns) + CELL(0.945 ns) = 0.945 ns; Loc. = PIN_8; Fanout = 1; PIN Node = 'JK0'
        Info: 2: + IC(5.259 ns) + CELL(0.206 ns) = 6.410 ns; Loc. = LCCOMB_X1_Y11_N0; Fanout = 1; COMB Node = '74112:inst|8~3'
        Info: 3: + IC(0.000 ns) + CELL(0.108 ns) = 6.518 ns; Loc. = LCFF_X1_Y11_N1; Fanout = 3; REG Node = '74112:inst|8'
        Info: Total cell delay = 1.259 ns ( 19.32 % )
        Info: Total interconnect delay = 5.259 ns ( 80.68 % )
    Info: + Micro setup delay of destination is -0.040 ns
    Info: - Shortest clock path from clock "CLK" to destination register is 2.750 ns
        Info: 1: + IC(0.000 ns) + CELL(1.100 ns) = 1.100 ns; Loc. = PIN_17; Fanout = 1; CLK Node = 'CLK'
        Info: 2: + IC(0.143 ns) + CELL(0.000 ns) = 1.243 ns; Loc. = CLKCTRL_G2; Fanout = 2; COMB Node = 'CLK~clkctrl'
        Info: 3: + IC(0.841 ns) + CELL(0.666 ns) = 2.750 ns; Loc. = LCFF_X1_Y11_N1; Fanout = 3; REG Node = '74112:inst|8'
        Info: Total cell delay = 1.766 ns ( 64.22 % )
        Info: Total interconnect delay = 0.984 ns ( 35.78 % )
Info: tco from clock "CLK" to destination pin "Q0" through register "74112:inst|8" is 6.825 ns
    Info: + Longest clock path from clock "CLK" to source register is 2.750 ns
        Info: 1: + IC(0.000 ns) + CELL(1.100 ns) = 1.100 ns; Loc. = PIN_17; Fanout = 1; CLK Node = 'CLK'
        Info: 2: + IC(0.143 ns) + CELL(0.000 ns) = 1.243 ns; Loc. = CLKCTRL_G2; Fanout = 2; COMB Node = 'CLK~clkctrl'
        Info: 3: + IC(0.841 ns) + CELL(0.666 ns) = 2.750 ns; Loc. = LCFF_X1_Y11_N1; Fanout = 3; REG Node = '74112:inst|8'
        Info: Total cell delay = 1.766 ns ( 64.22 % )
        Info: Total interconnect delay = 0.984 ns ( 35.78 % )
    Info: + Micro clock to output delay of source is 0.304 ns
    Info: + Longest register to pin delay is 3.771 ns
        Info: 1: + IC(0.000 ns) + CELL(0.000 ns) = 0.000 ns; Loc. = LCFF_X1_Y11_N1; Fanout = 3; REG Node = '74112:inst|8'
        Info: 2: + IC(0.715 ns) + CELL(3.056 ns) = 3.771 ns; Loc. = PIN_7; Fanout = 0; PIN Node = 'Q0'
        Info: Total cell delay = 3.056 ns ( 81.04 % )
        Info: Total interconnect delay = 0.715 ns ( 18.96 % )
Info: th for register "74112:inst|8" (data pin = "JK0", clock pin = "CLK") is -3.462 ns
    Info: + Longest clock path from clock "CLK" to destination register is 2.750 ns
        Info: 1: + IC(0.000 ns) + CELL(1.100 ns) = 1.100 ns; Loc. = PIN_17; Fanout = 1; CLK Node = 'CLK'
        Info: 2: + IC(0.143 ns) + CELL(0.000 ns) = 1.243 ns; Loc. = CLKCTRL_G2; Fanout = 2; COMB Node = 'CLK~clkctrl'
        Info: 3: + IC(0.841 ns) + CELL(0.666 ns) = 2.750 ns; Loc. = LCFF_X1_Y11_N1; Fanout = 3; REG Node = '74112:inst|8'
        Info: Total cell delay = 1.766 ns ( 64.22 % )
        Info: Total interconnect delay = 0.984 ns ( 35.78 % )
    Info: + Micro hold delay of destination is 0.306 ns
    Info: - Shortest pin to register delay is 6.518 ns
        Info: 1: + IC(0.000 ns) + CELL(0.945 ns) = 0.945 ns; Loc. = PIN_8; Fanout = 1; PIN Node = 'JK0'
        Info: 2: + IC(5.259 ns) + CELL(0.206 ns) = 6.410 ns; Loc. = LCCOMB_X1_Y11_N0; Fanout = 1; COMB Node = '74112:inst|8~3'
        Info: 3: + IC(0.000 ns) + CELL(0.108 ns) = 6.518 ns; Loc. = LCFF_X1_Y11_N1; Fanout = 3; REG Node = '74112:inst|8'
        Info: Total cell delay = 1.259 ns ( 19.32 % )
        Info: Total interconnect delay = 5.259 ns ( 80.68 % )
Info: Quartus II Classic Timing Analyzer was successful. 0 errors, 1 warning
    Info: Peak virtual memory: 193 megabytes
    Info: Processing ended: Tue Nov 30 16:58:24 2021
    Info: Elapsed time: 00:00:00
    Info: Total CPU time (on all processors): 00:00:00


