Analysis & Synthesis report for datapath
Wed May 11 17:20:06 2022
Quartus II Version 9.0 Build 184 04/29/2009 Service Pack 1 SJ Web Edition


---------------------
; Table of Contents ;
---------------------
  1. Legal Notice
  2. Analysis & Synthesis Summary
  3. Analysis & Synthesis Settings
  4. Analysis & Synthesis Source Files Read
  5. Analysis & Synthesis Resource Usage Summary
  6. Analysis & Synthesis Resource Utilization by Entity
  7. Analysis & Synthesis RAM Summary
  8. State Machine - |datapath|fsmctrl:U0|State
  9. Logic Cells Representing Combinational Loops
 10. Registers Removed During Synthesis
 11. General Register Statistics
 12. Inverted Register Statistics
 13. Multiplexer Restructuring Statistics (Restructuring Performed)
 14. Source assignments for lpm_ram_io0:U2|lpm_ram_io:lpm_ram_io_component|altram:sram|altsyncram:ram_block|altsyncram_v9a1:auto_generated
 15. Parameter Settings for User Entity Instance: fsmctrl:U0
 16. Parameter Settings for User Entity Instance: lpm_ram_io0:U2|lpm_ram_io:lpm_ram_io_component
 17. Port Connectivity Checks: "display:U4"
 18. Port Connectivity Checks: "idec:U_idec"
 19. Port Connectivity Checks: "fsmctrl:U0"
 20. Analysis & Synthesis Messages



----------------
; Legal Notice ;
----------------
Copyright (C) 1991-2009 Altera Corporation
Your use of Altera Corporation's design tools, logic functions 
and other software and tools, and its AMPP partner logic 
functions, and any output files from any of the foregoing 
(including device programming or simulation files), and any 
associated documentation or information are expressly subject 
to the terms and conditions of the Altera Program License 
Subscription Agreement, Altera MegaCore Function License 
Agreement, or other applicable license agreement, including, 
without limitation, that your use is for the sole purpose of 
programming logic devices manufactured by Altera and sold by 
Altera or its authorized distributors.  Please refer to the 
applicable agreement for further details.



+-----------------------------------------------------------------------------------+
; Analysis & Synthesis Summary                                                      ;
+------------------------------------+----------------------------------------------+
; Analysis & Synthesis Status        ; Successful - Wed May 11 17:20:06 2022        ;
; Quartus II Version                 ; 9.0 Build 184 04/29/2009 SP 1 SJ Web Edition ;
; Revision Name                      ; datapath                                     ;
; Top-level Entity Name              ; datapath                                     ;
; Family                             ; Cyclone II                                   ;
; Total logic elements               ; 240                                          ;
;     Total combinational functions  ; 219                                          ;
;     Dedicated logic registers      ; 94                                           ;
; Total registers                    ; 94                                           ;
; Total pins                         ; 34                                           ;
; Total virtual pins                 ; 0                                            ;
; Total memory bits                  ; 2,048                                        ;
; Embedded Multiplier 9-bit elements ; 0                                            ;
; Total PLLs                         ; 0                                            ;
+------------------------------------+----------------------------------------------+


+--------------------------------------------------------------------------------------------------------+
; Analysis & Synthesis Settings                                                                          ;
+--------------------------------------------------------------+--------------------+--------------------+
; Option                                                       ; Setting            ; Default Value      ;
+--------------------------------------------------------------+--------------------+--------------------+
; Device                                                       ; EP2C5T144C8        ;                    ;
; Top-level entity name                                        ; datapath           ; datapath           ;
; Family name                                                  ; Cyclone II         ; Stratix II         ;
; Use Generated Physical Constraints File                      ; Off                ;                    ;
; Use smart compilation                                        ; Off                ; Off                ;
; Restructure Multiplexers                                     ; Auto               ; Auto               ;
; Create Debugging Nodes for IP Cores                          ; Off                ; Off                ;
; Preserve fewer node names                                    ; On                 ; On                 ;
; Disable OpenCore Plus hardware evaluation                    ; Off                ; Off                ;
; Verilog Version                                              ; Verilog_2001       ; Verilog_2001       ;
; VHDL Version                                                 ; VHDL93             ; VHDL93             ;
; State Machine Processing                                     ; Auto               ; Auto               ;
; Safe State Machine                                           ; Off                ; Off                ;
; Extract Verilog State Machines                               ; On                 ; On                 ;
; Extract VHDL State Machines                                  ; On                 ; On                 ;
; Ignore Verilog initial constructs                            ; Off                ; Off                ;
; Iteration limit for constant Verilog loops                   ; 5000               ; 5000               ;
; Iteration limit for non-constant Verilog loops               ; 250                ; 250                ;
; Add Pass-Through Logic to Inferred RAMs                      ; On                 ; On                 ;
; Parallel Synthesis                                           ; Off                ; Off                ;
; DSP Block Balancing                                          ; Auto               ; Auto               ;
; NOT Gate Push-Back                                           ; On                 ; On                 ;
; Power-Up Don't Care                                          ; On                 ; On                 ;
; Remove Redundant Logic Cells                                 ; Off                ; Off                ;
; Remove Duplicate Registers                                   ; On                 ; On                 ;
; Ignore CARRY Buffers                                         ; Off                ; Off                ;
; Ignore CASCADE Buffers                                       ; Off                ; Off                ;
; Ignore GLOBAL Buffers                                        ; Off                ; Off                ;
; Ignore ROW GLOBAL Buffers                                    ; Off                ; Off                ;
; Ignore LCELL Buffers                                         ; Off                ; Off                ;
; Ignore SOFT Buffers                                          ; On                 ; On                 ;
; Limit AHDL Integers to 32 Bits                               ; Off                ; Off                ;
; Optimization Technique                                       ; Balanced           ; Balanced           ;
; Carry Chain Length                                           ; 70                 ; 70                 ;
; Auto Carry Chains                                            ; On                 ; On                 ;
; Auto Open-Drain Pins                                         ; On                 ; On                 ;
; Perform WYSIWYG Primitive Resynthesis                        ; Off                ; Off                ;
; Auto ROM Replacement                                         ; On                 ; On                 ;
; Auto RAM Replacement                                         ; On                 ; On                 ;
; Auto Shift Register Replacement                              ; Auto               ; Auto               ;
; Auto Clock Enable Replacement                                ; On                 ; On                 ;
; Strict RAM Replacement                                       ; Off                ; Off                ;
; Allow Synchronous Control Signals                            ; On                 ; On                 ;
; Force Use of Synchronous Clear Signals                       ; Off                ; Off                ;
; Auto RAM to Logic Cell Conversion                            ; Off                ; Off                ;
; Auto Resource Sharing                                        ; Off                ; Off                ;
; Allow Any RAM Size For Recognition                           ; Off                ; Off                ;
; Allow Any ROM Size For Recognition                           ; Off                ; Off                ;
; Allow Any Shift Register Size For Recognition                ; Off                ; Off                ;
; Use LogicLock Constraints during Resource Balancing          ; On                 ; On                 ;
; Ignore translate_off and synthesis_off directives            ; Off                ; Off                ;
; Timing-Driven Synthesis                                      ; Off                ; Off                ;
; Show Parameter Settings Tables in Synthesis Report           ; On                 ; On                 ;
; Ignore Maximum Fan-Out Assignments                           ; Off                ; Off                ;
; Synchronization Register Chain Length                        ; 2                  ; 2                  ;
; PowerPlay Power Optimization                                 ; Normal compilation ; Normal compilation ;
; HDL message level                                            ; Level2             ; Level2             ;
; Suppress Register Optimization Related Messages              ; Off                ; Off                ;
; Number of Removed Registers Reported in Synthesis Report     ; 100                ; 100                ;
; Number of Inverted Registers Reported in Synthesis Report    ; 100                ; 100                ;
; Clock MUX Protection                                         ; On                 ; On                 ;
; Auto Gated Clock Conversion                                  ; Off                ; Off                ;
; Block Design Naming                                          ; Auto               ; Auto               ;
; SDC constraint protection                                    ; Off                ; Off                ;
; Synthesis Effort                                             ; Auto               ; Auto               ;
; Shift Register Replacement - Allow Asynchronous Clear Signal ; On                 ; On                 ;
; Analysis & Synthesis Message Level                           ; Medium             ; Medium             ;
+--------------------------------------------------------------+--------------------+--------------------+


+------------------------------------------------------------------------------------------------------------------------------------------------------------------------------------------+
; Analysis & Synthesis Source Files Read                                                                                                                                                   ;
+----------------------------------+-----------------+----------------------------------------+--------------------------------------------------------------------------------------------+
; File Name with User-Entered Path ; Used in Netlist ; File Type                              ; File Name with Absolute Path                                                               ;
+----------------------------------+-----------------+----------------------------------------+--------------------------------------------------------------------------------------------+
; fsmctrl.vhd                      ; yes             ; User VHDL File                         ; C:/Users/ccsu1311/Desktop/exp_6_fsm_ckq - 副本/exp_6_fsm_ckq - 副本/fsmctrl.vhd            ;
; idec.vhd                         ; yes             ; User VHDL File                         ; C:/Users/ccsu1311/Desktop/exp_6_fsm_ckq - 副本/exp_6_fsm_ckq - 副本/idec.vhd               ;
; lpm_ram_io0.vhd                  ; yes             ; User VHDL File                         ; C:/Users/ccsu1311/Desktop/exp_6_fsm_ckq - 副本/exp_6_fsm_ckq - 副本/lpm_ram_io0.vhd        ;
; datapath.vhd                     ; yes             ; User VHDL File                         ; C:/Users/ccsu1311/Desktop/exp_6_fsm_ckq - 副本/exp_6_fsm_ckq - 副本/datapath.vhd           ;
; display.vhd                      ; yes             ; User VHDL File                         ; C:/Users/ccsu1311/Desktop/exp_6_fsm_ckq - 副本/exp_6_fsm_ckq - 副本/display.vhd            ;
; exp_r_alu.vhd                    ; yes             ; User VHDL File                         ; C:/Users/ccsu1311/Desktop/exp_6_fsm_ckq - 副本/exp_6_fsm_ckq - 副本/exp_r_alu.vhd          ;
; sw_pc_ar.vhd                     ; yes             ; User VHDL File                         ; C:/Users/ccsu1311/Desktop/exp_6_fsm_ckq - 副本/exp_6_fsm_ckq - 副本/sw_pc_ar.vhd           ;
; lpm_ram_io.tdf                   ; yes             ; Megafunction                           ; c:/altera/90sp1/quartus/libraries/megafunctions/lpm_ram_io.tdf                             ;
; altram.inc                       ; yes             ; Megafunction                           ; c:/altera/90sp1/quartus/libraries/megafunctions/altram.inc                                 ;
; lpm_mux.inc                      ; yes             ; Megafunction                           ; c:/altera/90sp1/quartus/libraries/megafunctions/lpm_mux.inc                                ;
; lpm_decode.inc                   ; yes             ; Megafunction                           ; c:/altera/90sp1/quartus/libraries/megafunctions/lpm_decode.inc                             ;
; aglobal90.inc                    ; yes             ; Megafunction                           ; c:/altera/90sp1/quartus/libraries/megafunctions/aglobal90.inc                              ;
; altram.tdf                       ; yes             ; Megafunction                           ; c:/altera/90sp1/quartus/libraries/megafunctions/altram.tdf                                 ;
; memmodes.inc                     ; yes             ; Megafunction                           ; c:/altera/90sp1/quartus/libraries/others/maxplus2/memmodes.inc                             ;
; altsyncram.inc                   ; yes             ; Megafunction                           ; c:/altera/90sp1/quartus/libraries/megafunctions/altsyncram.inc                             ;
; altqpram.inc                     ; yes             ; Megafunction                           ; c:/altera/90sp1/quartus/libraries/megafunctions/altqpram.inc                               ;
; altsyncram.tdf                   ; yes             ; Megafunction                           ; c:/altera/90sp1/quartus/libraries/megafunctions/altsyncram.tdf                             ;
; stratix_ram_block.inc            ; yes             ; Megafunction                           ; c:/altera/90sp1/quartus/libraries/megafunctions/stratix_ram_block.inc                      ;
; a_rdenreg.inc                    ; yes             ; Megafunction                           ; c:/altera/90sp1/quartus/libraries/megafunctions/a_rdenreg.inc                              ;
; altrom.inc                       ; yes             ; Megafunction                           ; c:/altera/90sp1/quartus/libraries/megafunctions/altrom.inc                                 ;
; altdpram.inc                     ; yes             ; Megafunction                           ; c:/altera/90sp1/quartus/libraries/megafunctions/altdpram.inc                               ;
; db/altsyncram_v9a1.tdf           ; yes             ; Auto-Generated Megafunction            ; C:/Users/ccsu1311/Desktop/exp_6_fsm_ckq - 副本/exp_6_fsm_ckq - 副本/db/altsyncram_v9a1.tdf ;
; initial_file.mif                 ; yes             ; Auto-Found Memory Initialization File  ; C:/Users/ccsu1311/Desktop/exp_6_fsm_ckq - 副本/exp_6_fsm_ckq - 副本/initial_file.mif       ;
+----------------------------------+-----------------+----------------------------------------+--------------------------------------------------------------------------------------------+


+----------------------------------------------------------------+
; Analysis & Synthesis Resource Usage Summary                    ;
+---------------------------------------------+------------------+
; Resource                                    ; Usage            ;
+---------------------------------------------+------------------+
; Estimated Total logic elements              ; 240              ;
;                                             ;                  ;
; Total combinational functions               ; 219              ;
; Logic element usage by number of LUT inputs ;                  ;
;     -- 4 input functions                    ; 106              ;
;     -- 3 input functions                    ; 46               ;
;     -- <=2 input functions                  ; 67               ;
;                                             ;                  ;
; Logic elements by mode                      ;                  ;
;     -- normal mode                          ; 169              ;
;     -- arithmetic mode                      ; 50               ;
;                                             ;                  ;
; Total registers                             ; 94               ;
;     -- Dedicated logic registers            ; 94               ;
;     -- I/O registers                        ; 0                ;
;                                             ;                  ;
; I/O pins                                    ; 34               ;
; Total memory bits                           ; 2048             ;
; Maximum fan-out node                        ; fsmctrl:U0|ctick ;
; Maximum fan-out                             ; 55               ;
; Total fan-out                               ; 1076             ;
; Average fan-out                             ; 3.03             ;
+---------------------------------------------+------------------+


+-------------------------------------------------------------------------------------------------------------------------------------------------------------------------------------------------------------------------------------------------------------------------------------------------------+
; Analysis & Synthesis Resource Utilization by Entity                                                                                                                                                                                                                                                   ;
+-------------------------------------------------+-------------------+--------------+-------------+--------------+---------+-----------+------+--------------+--------------------------------------------------------------------------------------------------------------------------+--------------+
; Compilation Hierarchy Node                      ; LC Combinationals ; LC Registers ; Memory Bits ; DSP Elements ; DSP 9x9 ; DSP 18x18 ; Pins ; Virtual Pins ; Full Hierarchy Name                                                                                                      ; Library Name ;
+-------------------------------------------------+-------------------+--------------+-------------+--------------+---------+-----------+------+--------------+--------------------------------------------------------------------------------------------------------------------------+--------------+
; |datapath                                       ; 219 (0)           ; 94 (0)       ; 2048        ; 0            ; 0       ; 0         ; 34   ; 0            ; |datapath                                                                                                                ; work         ;
;    |display:U4|                                 ; 30 (30)           ; 3 (3)        ; 0           ; 0            ; 0       ; 0         ; 0    ; 0            ; |datapath|display:U4                                                                                                     ; work         ;
;    |exp_r_alu:U3|                               ; 101 (101)         ; 25 (25)      ; 0           ; 0            ; 0       ; 0         ; 0    ; 0            ; |datapath|exp_r_alu:U3                                                                                                   ; work         ;
;    |fsmctrl:U0|                                 ; 67 (67)           ; 46 (46)      ; 0           ; 0            ; 0       ; 0         ; 0    ; 0            ; |datapath|fsmctrl:U0                                                                                                     ; work         ;
;    |idec:U_idec|                                ; 1 (1)             ; 4 (4)        ; 0           ; 0            ; 0       ; 0         ; 0    ; 0            ; |datapath|idec:U_idec                                                                                                    ; work         ;
;    |lpm_ram_io0:U2|                             ; 1 (0)             ; 0 (0)        ; 2048        ; 0            ; 0       ; 0         ; 0    ; 0            ; |datapath|lpm_ram_io0:U2                                                                                                 ; work         ;
;       |lpm_ram_io:lpm_ram_io_component|         ; 1 (1)             ; 0 (0)        ; 2048        ; 0            ; 0       ; 0         ; 0    ; 0            ; |datapath|lpm_ram_io0:U2|lpm_ram_io:lpm_ram_io_component                                                                 ; work         ;
;          |altram:sram|                          ; 0 (0)             ; 0 (0)        ; 2048        ; 0            ; 0       ; 0         ; 0    ; 0            ; |datapath|lpm_ram_io0:U2|lpm_ram_io:lpm_ram_io_component|altram:sram                                                     ; work         ;
;             |altsyncram:ram_block|              ; 0 (0)             ; 0 (0)        ; 2048        ; 0            ; 0       ; 0         ; 0    ; 0            ; |datapath|lpm_ram_io0:U2|lpm_ram_io:lpm_ram_io_component|altram:sram|altsyncram:ram_block                                ; work         ;
;                |altsyncram_v9a1:auto_generated| ; 0 (0)             ; 0 (0)        ; 2048        ; 0            ; 0       ; 0         ; 0    ; 0            ; |datapath|lpm_ram_io0:U2|lpm_ram_io:lpm_ram_io_component|altram:sram|altsyncram:ram_block|altsyncram_v9a1:auto_generated ; work         ;
;    |sw_pc_ar:U1|                                ; 19 (19)           ; 16 (16)      ; 0           ; 0            ; 0       ; 0         ; 0    ; 0            ; |datapath|sw_pc_ar:U1                                                                                                    ; work         ;
+-------------------------------------------------+-------------------+--------------+-------------+--------------+---------+-----------+------+--------------+--------------------------------------------------------------------------------------------------------------------------+--------------+
Note: For table entries with two numbers listed, the numbers in parentheses indicate the number of resources of the given type used by the specific entity alone. The numbers listed outside of parentheses indicate the total resources of the given type used by the specific entity and all of its sub-entities in the hierarchy.


+--------------------------------------------------------------------------------------------------------------------------------------------------------------------------------------------------------------------------------------+
; Analysis & Synthesis RAM Summary                                                                                                                                                                                                     ;
+---------------------------------------------------------------------------------------------------------------------------+------+-------------+--------------+--------------+--------------+--------------+------+------------------+
; Name                                                                                                                      ; Type ; Mode        ; Port A Depth ; Port A Width ; Port B Depth ; Port B Width ; Size ; MIF              ;
+---------------------------------------------------------------------------------------------------------------------------+------+-------------+--------------+--------------+--------------+--------------+------+------------------+
; lpm_ram_io0:U2|lpm_ram_io:lpm_ram_io_component|altram:sram|altsyncram:ram_block|altsyncram_v9a1:auto_generated|ALTSYNCRAM ; AUTO ; Single Port ; 256          ; 8            ; --           ; --           ; 2048 ; initial_file.mif ;
+---------------------------------------------------------------------------------------------------------------------------+------+-------------+--------------+--------------+--------------+--------------+------+------------------+


Encoding Type:  One-Hot
+-------------------------------------------------------------------------------+
; State Machine - |datapath|fsmctrl:U0|State                                    ;
+---------+---------+---------+---------+---------+---------+---------+---------+
; Name    ; State.G ; State.F ; State.E ; State.D ; State.C ; State.B ; State.A ;
+---------+---------+---------+---------+---------+---------+---------+---------+
; State.A ; 0       ; 0       ; 0       ; 0       ; 0       ; 0       ; 0       ;
; State.B ; 0       ; 0       ; 0       ; 0       ; 0       ; 1       ; 1       ;
; State.C ; 0       ; 0       ; 0       ; 0       ; 1       ; 0       ; 1       ;
; State.D ; 0       ; 0       ; 0       ; 1       ; 0       ; 0       ; 1       ;
; State.E ; 0       ; 0       ; 1       ; 0       ; 0       ; 0       ; 1       ;
; State.F ; 0       ; 1       ; 0       ; 0       ; 0       ; 0       ; 1       ;
; State.G ; 1       ; 0       ; 0       ; 0       ; 0       ; 0       ; 1       ;
+---------+---------+---------+---------+---------+---------+---------+---------+


+------------------------------------------------------------+
; Logic Cells Representing Combinational Loops               ;
+--------------------------------------------------------+---+
; Logic Cell Name                                        ;   ;
+--------------------------------------------------------+---+
; exp_r_alu:U3|bus_reg~25                                ;   ;
; Number of logic cells representing combinational loops ; 1 ;
+--------------------------------------------------------+---+
Note: All cells listed above may not be present at the end of synthesis due to various synthesis optimizations.


+---------------------------------------------------------------------------------+
; Registers Removed During Synthesis                                              ;
+----------------------------------------+----------------------------------------+
; Register name                          ; Reason for Removal                     ;
+----------------------------------------+----------------------------------------+
; fsmctrl:U0|vmcode[5,20..21]            ; Stuck at VCC due to stuck port data_in ;
; fsmctrl:U0|stest[3..7]                 ; Stuck at GND due to stuck port data_in ;
; exp_r_alu:U3|r4[0..7]                  ; Lost fanout                            ;
; sw_pc_ar:U1|clkon                      ; Merged with exp_r_alu:U3|clkon         ;
; idec:U_idec|clkon                      ; Merged with exp_r_alu:U3|clkon         ;
; fsmctrl:U0|ven_idec                    ; Merged with fsmctrl:U0|vmcode[14]      ;
; fsmctrl:U0|vmcode[6,9]                 ; Merged with fsmctrl:U0|vmcode[10]      ;
; fsmctrl:U0|vmcode[7]                   ; Merged with fsmctrl:U0|vmcode[8]       ;
; fsmctrl:U0|vmcode[14]                  ; Merged with fsmctrl:U0|State.C         ;
; fsmctrl:U0|\process_2:cnt1[0]          ; Merged with fsmctrl:U0|cnt1[0]         ;
; Total Number of Removed Registers = 24 ;                                        ;
+----------------------------------------+----------------------------------------+


+------------------------------------------------------+
; General Register Statistics                          ;
+----------------------------------------------+-------+
; Statistic                                    ; Value ;
+----------------------------------------------+-------+
; Total registers                              ; 94    ;
; Number of registers using Synchronous Clear  ; 0     ;
; Number of registers using Synchronous Load   ; 8     ;
; Number of registers using Asynchronous Clear ; 38    ;
; Number of registers using Asynchronous Load  ; 0     ;
; Number of registers using Clock Enable       ; 44    ;
; Number of registers using Preset             ; 0     ;
+----------------------------------------------+-------+


+--------------------------------------------------+
; Inverted Register Statistics                     ;
+----------------------------------------+---------+
; Inverted Register                      ; Fan out ;
+----------------------------------------+---------+
; fsmctrl:U0|clk_state                   ; 25      ;
; fsmctrl:U0|vmcode[18]                  ; 9       ;
; fsmctrl:U0|vmcode[19]                  ; 13      ;
; fsmctrl:U0|vmcode[17]                  ; 17      ;
; exp_r_alu:U3|clkon                     ; 14      ;
; Total number of inverted registers = 5 ;         ;
+----------------------------------------+---------+


+------------------------------------------------------------------------------------------------------------------------------------------------+
; Multiplexer Restructuring Statistics (Restructuring Performed)                                                                                 ;
+--------------------+-----------+---------------+----------------------+------------------------+------------+----------------------------------+
; Multiplexer Inputs ; Bus Width ; Baseline Area ; Area if Restructured ; Saving if Restructured ; Registered ; Example Multiplexer Output       ;
+--------------------+-----------+---------------+----------------------+------------------------+------------+----------------------------------+
; 4:1                ; 2 bits    ; 4 LEs         ; 4 LEs                ; 0 LEs                  ; Yes        ; |datapath|fsmctrl:U0|vmcode[3]   ;
; 8:1                ; 3 bits    ; 15 LEs        ; 12 LEs               ; 3 LEs                  ; No         ; |datapath|display:U4|Mux17       ;
; 10:1               ; 7 bits    ; 42 LEs        ; 42 LEs               ; 0 LEs                  ; No         ; |datapath|exp_r_alu:U3|bus_reg~8 ;
+--------------------+-----------+---------------+----------------------+------------------------+------------+----------------------------------+


+---------------------------------------------------------------------------------------------------------------------------------------+
; Source assignments for lpm_ram_io0:U2|lpm_ram_io:lpm_ram_io_component|altram:sram|altsyncram:ram_block|altsyncram_v9a1:auto_generated ;
+---------------------------------+--------------------+------+-------------------------------------------------------------------------+
; Assignment                      ; Value              ; From ; To                                                                      ;
+---------------------------------+--------------------+------+-------------------------------------------------------------------------+
; OPTIMIZE_POWER_DURING_SYNTHESIS ; NORMAL_COMPILATION ; -    ; -                                                                       ;
+---------------------------------+--------------------+------+-------------------------------------------------------------------------+


+---------------------------------------------------------+
; Parameter Settings for User Entity Instance: fsmctrl:U0 ;
+----------------+-------+--------------------------------+
; Parameter Name ; Value ; Type                           ;
+----------------+-------+--------------------------------+
; N              ; 50000 ; Signed Integer                 ;
; X              ; 10    ; Signed Integer                 ;
; Y              ; 100   ; Signed Integer                 ;
+----------------+-------+--------------------------------+
Note: In order to hide this table in the UI and the text report file, please set the "Show Parameter Settings Tables in Synthesis Report" option in "Analysis and Synthesis Settings -> More Settings" to "Off".


+---------------------------------------------------------------------------------------------+
; Parameter Settings for User Entity Instance: lpm_ram_io0:U2|lpm_ram_io:lpm_ram_io_component ;
+------------------------+------------------+-------------------------------------------------+
; Parameter Name         ; Value            ; Type                                            ;
+------------------------+------------------+-------------------------------------------------+
; LPM_WIDTH              ; 8                ; Signed Integer                                  ;
; LPM_WIDTHAD            ; 8                ; Signed Integer                                  ;
; LPM_NUMWORDS           ; 256              ; Untyped                                         ;
; LPM_INDATA             ; REGISTERED       ; Untyped                                         ;
; LPM_ADDRESS_CONTROL    ; REGISTERED       ; Untyped                                         ;
; LPM_OUTDATA            ; UNREGISTERED     ; Untyped                                         ;
; LPM_FILE               ; initial_file.mif ; Untyped                                         ;
; USE_EAB                ; ON               ; Untyped                                         ;
; DEVICE_FAMILY          ; Cyclone II       ; Untyped                                         ;
; AUTO_CARRY_CHAINS      ; ON               ; AUTO_CARRY                                      ;
; IGNORE_CARRY_BUFFERS   ; OFF              ; IGNORE_CARRY                                    ;
; AUTO_CASCADE_CHAINS    ; ON               ; AUTO_CASCADE                                    ;
; IGNORE_CASCADE_BUFFERS ; OFF              ; IGNORE_CASCADE                                  ;
+------------------------+------------------+-------------------------------------------------+
Note: In order to hide this table in the UI and the text report file, please set the "Show Parameter Settings Tables in Synthesis Report" option in "Analysis and Synthesis Settings -> More Settings" to "Off".


+----------------------------------------+
; Port Connectivity Checks: "display:U4" ;
+------+-------+----------+--------------+
; Port ; Type  ; Severity ; Details      ;
+------+-------+----------+--------------+
; in82 ; Input ; Info     ; Stuck at GND ;
+------+-------+----------+--------------+


+---------------------------------------------------------------------------------------------------------------------------------------------+
; Port Connectivity Checks: "idec:U_idec"                                                                                                     ;
+-------------+-------+------------------+----------------------------------------------------------------------------------------------------+
; Port        ; Type  ; Severity         ; Details                                                                                            ;
+-------------+-------+------------------+----------------------------------------------------------------------------------------------------+
; instruction ; Input ; Critical Warning ; Port on prototype, e.g. VHDL component, declared as "Bidir" but port on entity declared as "Input" ;
+-------------+-------+------------------+----------------------------------------------------------------------------------------------------+


+--------------------------------------------------------------------------------------------------------------------+
; Port Connectivity Checks: "fsmctrl:U0"                                                                             ;
+----------+--------+----------+-------------------------------------------------------------------------------------+
; Port     ; Type   ; Severity ; Details                                                                             ;
+----------+--------+----------+-------------------------------------------------------------------------------------+
; mcode[2] ; Output ; Info     ; Connected to dangling logic. Logic that only feeds a dangling port will be removed. ;
+----------+--------+----------+-------------------------------------------------------------------------------------+


+-------------------------------+
; Analysis & Synthesis Messages ;
+-------------------------------+
Info: *******************************************************************
Info: Running Quartus II Analysis & Synthesis
    Info: Version 9.0 Build 184 04/29/2009 Service Pack 1 SJ Web Edition
    Info: Processing started: Wed May 11 17:20:03 2022
Info: Command: quartus_map --read_settings_files=on --write_settings_files=off datapath -c datapath
Info: Found 2 design units, including 1 entities, in source file fsmctrl.vhd
    Info: Found design unit 1: fsmctrl-RTL
    Info: Found entity 1: fsmctrl
Info: Found 2 design units, including 1 entities, in source file idec.vhd
    Info: Found design unit 1: idec-rtl
    Info: Found entity 1: idec
Info: Found 2 design units, including 1 entities, in source file lpm_ram_io0.vhd
    Info: Found design unit 1: lpm_ram_io0-SYN
    Info: Found entity 1: lpm_ram_io0
Info: Found 2 design units, including 1 entities, in source file datapath.vhd
    Info: Found design unit 1: datapath-Structural
    Info: Found entity 1: datapath
Info: Found 2 design units, including 1 entities, in source file display.vhd
    Info: Found design unit 1: display-rtl
    Info: Found entity 1: display
Info: Found 2 design units, including 1 entities, in source file exp_r_alu.vhd
    Info: Found design unit 1: exp_r_alu-rtl
    Info: Found entity 1: exp_r_alu
Info: Found 2 design units, including 1 entities, in source file sw_pc_ar.vhd
    Info: Found design unit 1: sw_pc_ar-rtl
    Info: Found entity 1: sw_pc_ar
Info: Elaborating entity "datapath" for the top level hierarchy
Warning (10492): VHDL Process Statement warning at datapath.vhd(122): signal "reset" is read inside the Process Statement but isn't in the Process Statement's sensitivity list
Warning (10492): VHDL Process Statement warning at datapath.vhd(131): signal "reset" is read inside the Process Statement but isn't in the Process Statement's sensitivity list
Info: Elaborating entity "fsmctrl" for hierarchy "fsmctrl:U0"
Warning (10492): VHDL Process Statement warning at fsmctrl.vhd(50): signal "reset" is read inside the Process Statement but isn't in the Process Statement's sensitivity list
Info: Elaborating entity "sw_pc_ar" for hierarchy "sw_pc_ar:U1"
Warning (10492): VHDL Process Statement warning at sw_pc_ar.vhd(23): signal "reset" is read inside the Process Statement but isn't in the Process Statement's sensitivity list
Warning (10492): VHDL Process Statement warning at sw_pc_ar.vhd(42): signal "pcclr" is read inside the Process Statement but isn't in the Process Statement's sensitivity list
Warning (10492): VHDL Process Statement warning at sw_pc_ar.vhd(43): signal "clkon" is read inside the Process Statement but isn't in the Process Statement's sensitivity list
Info: Elaborating entity "idec" for hierarchy "idec:U_idec"
Warning (10492): VHDL Process Statement warning at idec.vhd(26): signal "reset" is read inside the Process Statement but isn't in the Process Statement's sensitivity list
Warning (10492): VHDL Process Statement warning at idec.vhd(29): signal "clk" is read inside the Process Statement but isn't in the Process Statement's sensitivity list
Info: Elaborating entity "lpm_ram_io0" for hierarchy "lpm_ram_io0:U2"
Info: Elaborating entity "lpm_ram_io" for hierarchy "lpm_ram_io0:U2|lpm_ram_io:lpm_ram_io_component"
Info: Elaborated megafunction instantiation "lpm_ram_io0:U2|lpm_ram_io:lpm_ram_io_component"
Info: Instantiated megafunction "lpm_ram_io0:U2|lpm_ram_io:lpm_ram_io_component" with the following parameter:
    Info: Parameter "intended_device_family" = "MAX3000A"
    Info: Parameter "lpm_width" = "8"
    Info: Parameter "lpm_widthad" = "8"
    Info: Parameter "lpm_file" = "initial_file.mif"
    Info: Parameter "lpm_indata" = "REGISTERED"
    Info: Parameter "lpm_address_control" = "REGISTERED"
    Info: Parameter "lpm_outdata" = "UNREGISTERED"
    Info: Parameter "use_eab" = "ON"
    Info: Parameter "lpm_type" = "LPM_RAM_IO"
Info: Elaborating entity "altram" for hierarchy "lpm_ram_io0:U2|lpm_ram_io:lpm_ram_io_component|altram:sram"
Warning: Assertion warning: altram does not support Cyclone II device family -- attempting best-case memory conversions, but power-up states and read during write behavior will be different for Cyclone II devices
Info: Elaborated megafunction instantiation "lpm_ram_io0:U2|lpm_ram_io:lpm_ram_io_component|altram:sram", which is child of megafunction instantiation "lpm_ram_io0:U2|lpm_ram_io:lpm_ram_io_component"
Info: Elaborating entity "altsyncram" for hierarchy "lpm_ram_io0:U2|lpm_ram_io:lpm_ram_io_component|altram:sram|altsyncram:ram_block"
Info: Elaborated megafunction instantiation "lpm_ram_io0:U2|lpm_ram_io:lpm_ram_io_component|altram:sram|altsyncram:ram_block", which is child of megafunction instantiation "lpm_ram_io0:U2|lpm_ram_io:lpm_ram_io_component"
Info: Found 1 design units, including 1 entities, in source file db/altsyncram_v9a1.tdf
    Info: Found entity 1: altsyncram_v9a1
Info: Elaborating entity "altsyncram_v9a1" for hierarchy "lpm_ram_io0:U2|lpm_ram_io:lpm_ram_io_component|altram:sram|altsyncram:ram_block|altsyncram_v9a1:auto_generated"
Info: Elaborating entity "exp_r_alu" for hierarchy "exp_r_alu:U3"
Warning (10492): VHDL Process Statement warning at exp_r_alu.vhd(23): signal "reset" is read inside the Process Statement but isn't in the Process Statement's sensitivity list
Info: Elaborating entity "display" for hierarchy "display:U4"
Warning (10492): VHDL Process Statement warning at display.vhd(81): signal "in81" is read inside the Process Statement but isn't in the Process Statement's sensitivity list
Warning (10492): VHDL Process Statement warning at display.vhd(82): signal "in81" is read inside the Process Statement but isn't in the Process Statement's sensitivity list
Warning (10492): VHDL Process Statement warning at display.vhd(83): signal "in82" is read inside the Process Statement but isn't in the Process Statement's sensitivity list
Warning (10492): VHDL Process Statement warning at display.vhd(84): signal "in82" is read inside the Process Statement but isn't in the Process Statement's sensitivity list
Warning (10492): VHDL Process Statement warning at display.vhd(85): signal "in83" is read inside the Process Statement but isn't in the Process Statement's sensitivity list
Warning (10492): VHDL Process Statement warning at display.vhd(86): signal "in83" is read inside the Process Statement but isn't in the Process Statement's sensitivity list
Warning (10492): VHDL Process Statement warning at display.vhd(87): signal "in84" is read inside the Process Statement but isn't in the Process Statement's sensitivity list
Warning (10492): VHDL Process Statement warning at display.vhd(88): signal "in84" is read inside the Process Statement but isn't in the Process Statement's sensitivity list
Warning: 1 hierarchies have connectivity warnings - see the Connectivity Checks report folder
Warning: The following bidir pins have no drivers
    Warning: Bidir "dout[0]" has no driver
    Warning: Bidir "dout[1]" has no driver
    Warning: Bidir "dout[2]" has no driver
    Warning: Bidir "dout[3]" has no driver
    Warning: Bidir "dout[4]" has no driver
    Warning: Bidir "dout[5]" has no driver
    Warning: Bidir "dout[6]" has no driver
    Warning: Bidir "dout[7]" has no driver
Warning: Tri-state node(s) do not directly drive top-level pin(s)
    Warning: Converted the fan-out from the tri-state buffer "exp_r_alu:U3|d[4]" to the node "lpm_ram_io0:U2|lpm_ram_io:lpm_ram_io_component|altram:sram|altsyncram:ram_block|altsyncram_v9a1:auto_generated|q_a[4]" into an OR gate
    Warning: Converted the fan-out from the tri-state buffer "exp_r_alu:U3|d[0]" to the node "lpm_ram_io0:U2|lpm_ram_io:lpm_ram_io_component|altram:sram|altsyncram:ram_block|altsyncram_v9a1:auto_generated|q_a[0]" into an OR gate
    Warning: Converted the fan-out from the tri-state buffer "exp_r_alu:U3|d[5]" to the node "lpm_ram_io0:U2|lpm_ram_io:lpm_ram_io_component|altram:sram|altsyncram:ram_block|altsyncram_v9a1:auto_generated|q_a[5]" into an OR gate
    Warning: Converted the fan-out from the tri-state buffer "exp_r_alu:U3|d[1]" to the node "lpm_ram_io0:U2|lpm_ram_io:lpm_ram_io_component|altram:sram|altsyncram:ram_block|altsyncram_v9a1:auto_generated|q_a[1]" into an OR gate
    Warning: Converted the fan-out from the tri-state buffer "exp_r_alu:U3|d[6]" to the node "lpm_ram_io0:U2|lpm_ram_io:lpm_ram_io_component|altram:sram|altsyncram:ram_block|altsyncram_v9a1:auto_generated|q_a[6]" into an OR gate
    Warning: Converted the fan-out from the tri-state buffer "exp_r_alu:U3|d[2]" to the node "lpm_ram_io0:U2|lpm_ram_io:lpm_ram_io_component|altram:sram|altsyncram:ram_block|altsyncram_v9a1:auto_generated|q_a[2]" into an OR gate
    Warning: Converted the fan-out from the tri-state buffer "exp_r_alu:U3|d[7]" to the node "lpm_ram_io0:U2|lpm_ram_io:lpm_ram_io_component|altram:sram|altsyncram:ram_block|altsyncram_v9a1:auto_generated|q_a[7]" into an OR gate
    Warning: Converted the fan-out from the tri-state buffer "exp_r_alu:U3|d[3]" to the node "lpm_ram_io0:U2|lpm_ram_io:lpm_ram_io_component|altram:sram|altsyncram:ram_block|altsyncram_v9a1:auto_generated|q_a[3]" into an OR gate
Info: Registers with preset signals will power-up high
Info: DEV_CLRn pin will set, and not reset, register with preset signal due to NOT Gate Push-Back
Warning: Output pins are stuck at VCC or GND
    Warning (13410): Pin "seg[0]" is stuck at GND
Info: 8 registers lost all their fanouts during netlist optimizations. The first 8 are displayed below.
    Info: Register "exp_r_alu:U3|r4[0]" lost all its fanouts during netlist optimizations.
    Info: Register "exp_r_alu:U3|r4[1]" lost all its fanouts during netlist optimizations.
    Info: Register "exp_r_alu:U3|r4[2]" lost all its fanouts during netlist optimizations.
    Info: Register "exp_r_alu:U3|r4[3]" lost all its fanouts during netlist optimizations.
    Info: Register "exp_r_alu:U3|r4[4]" lost all its fanouts during netlist optimizations.
    Info: Register "exp_r_alu:U3|r4[5]" lost all its fanouts during netlist optimizations.
    Info: Register "exp_r_alu:U3|r4[6]" lost all its fanouts during netlist optimizations.
    Info: Register "exp_r_alu:U3|r4[7]" lost all its fanouts during netlist optimizations.
Warning: Design contains 8 input pin(s) that do not drive logic
    Warning (15610): No output dependent on input pin "k[0]"
    Warning (15610): No output dependent on input pin "k[1]"
    Warning (15610): No output dependent on input pin "k[2]"
    Warning (15610): No output dependent on input pin "k[3]"
    Warning (15610): No output dependent on input pin "k[4]"
    Warning (15610): No output dependent on input pin "k[5]"
    Warning (15610): No output dependent on input pin "k[6]"
    Warning (15610): No output dependent on input pin "k[7]"
Info: Implemented 303 device resources after synthesis - the final resource count might be different
    Info: Implemented 10 input pins
    Info: Implemented 16 output pins
    Info: Implemented 8 bidirectional pins
    Info: Implemented 261 logic cells
    Info: Implemented 8 RAM segments
Info: Quartus II Analysis & Synthesis was successful. 0 errors, 48 warnings
    Info: Peak virtual memory: 224 megabytes
    Info: Processing ended: Wed May 11 17:20:06 2022
    Info: Elapsed time: 00:00:03
    Info: Total CPU time (on all processors): 00:00:03


