Classic Timing Analyzer report for sxywjcq
Wed Nov 03 18:52:22 2021
Quartus II Version 9.0 Build 184 04/29/2009 Service Pack 1 SJ Web Edition


---------------------
; Table of Contents ;
---------------------
  1. Legal Notice
  2. Timing Analyzer Summary
  3. Timing Analyzer Settings
  4. Clock Settings Summary
  5. Parallel Compilation
  6. Clock Setup: 'CLK'
  7. tsu
  8. tco
  9. th
 10. Timing Analyzer Messages



----------------
; Legal Notice ;
----------------
Copyright (C) 1991-2009 Altera Corporation
Your use of Altera Corporation's design tools, logic functions 
and other software and tools, and its AMPP partner logic 
functions, and any output files from any of the foregoing 
(including device programming or simulation files), and any 
associated documentation or information are expressly subject 
to the terms and conditions of the Altera Program License 
Subscription Agreement, Altera MegaCore Function License 
Agreement, or other applicable license agreement, including, 
without limitation, that your use is for the sole purpose of 
programming logic devices manufactured by Altera and sold by 
Altera or its authorized distributors.  Please refer to the 
applicable agreement for further details.



+------------------------------------------------------------------------------------------------------------------------------------------------------------------------------+
; Timing Analyzer Summary                                                                                                                                                      ;
+------------------------------+-------+---------------+------------------------------------------------+---------------+---------------+------------+----------+--------------+
; Type                         ; Slack ; Required Time ; Actual Time                                    ; From          ; To            ; From Clock ; To Clock ; Failed Paths ;
+------------------------------+-------+---------------+------------------------------------------------+---------------+---------------+------------+----------+--------------+
; Worst-case tsu               ; N/A   ; None          ; 5.874 ns                                       ; S1            ; 74194:inst|41 ; --         ; CLK      ; 0            ;
; Worst-case tco               ; N/A   ; None          ; 7.549 ns                                       ; 74194:inst|40 ; Q1            ; CLK        ; --       ; 0            ;
; Worst-case th                ; N/A   ; None          ; 0.158 ns                                       ; D0            ; 74194:inst|41 ; --         ; CLK      ; 0            ;
; Clock Setup: 'CLK'           ; N/A   ; None          ; Restricted to 340.02 MHz ( period = 2.941 ns ) ; 74194:inst|41 ; 74194:inst|41 ; CLK        ; CLK      ; 0            ;
; Total number of failed paths ;       ;               ;                                                ;               ;               ;            ;          ; 0            ;
+------------------------------+-------+---------------+------------------------------------------------+---------------+---------------+------------+----------+--------------+


+--------------------------------------------------------------------------------------------------------------------+
; Timing Analyzer Settings                                                                                           ;
+---------------------------------------------------------------------+--------------------+------+----+-------------+
; Option                                                              ; Setting            ; From ; To ; Entity Name ;
+---------------------------------------------------------------------+--------------------+------+----+-------------+
; Device Name                                                         ; EP2C5T144C8        ;      ;    ;             ;
; Timing Models                                                       ; Final              ;      ;    ;             ;
; Default hold multicycle                                             ; Same as Multicycle ;      ;    ;             ;
; Cut paths between unrelated clock domains                           ; On                 ;      ;    ;             ;
; Cut off read during write signal paths                              ; On                 ;      ;    ;             ;
; Cut off feedback from I/O pins                                      ; On                 ;      ;    ;             ;
; Report Combined Fast/Slow Timing                                    ; Off                ;      ;    ;             ;
; Ignore Clock Settings                                               ; Off                ;      ;    ;             ;
; Analyze latches as synchronous elements                             ; On                 ;      ;    ;             ;
; Enable Recovery/Removal analysis                                    ; Off                ;      ;    ;             ;
; Enable Clock Latency                                                ; Off                ;      ;    ;             ;
; Use TimeQuest Timing Analyzer                                       ; Off                ;      ;    ;             ;
; Minimum Core Junction Temperature                                   ; 0                  ;      ;    ;             ;
; Maximum Core Junction Temperature                                   ; 85                 ;      ;    ;             ;
; Number of source nodes to report per destination node               ; 10                 ;      ;    ;             ;
; Number of destination nodes to report                               ; 10                 ;      ;    ;             ;
; Number of paths to report                                           ; 200                ;      ;    ;             ;
; Report Minimum Timing Checks                                        ; Off                ;      ;    ;             ;
; Use Fast Timing Models                                              ; Off                ;      ;    ;             ;
; Report IO Paths Separately                                          ; Off                ;      ;    ;             ;
; Perform Multicorner Analysis                                        ; On                 ;      ;    ;             ;
; Reports the worst-case path for each clock domain and analysis      ; Off                ;      ;    ;             ;
; Removes common clock path pessimism (CCPP) during slack computation ; Off                ;      ;    ;             ;
; Output I/O Timing Endpoint                                          ; Near End           ;      ;    ;             ;
+---------------------------------------------------------------------+--------------------+------+----+-------------+


+------------------------------------------------------------------------------------------------------------------------------------------------------------------------------------+
; Clock Settings Summary                                                                                                                                                             ;
+-----------------+--------------------+----------+------------------+---------------+--------------+----------+-----------------------+---------------------+--------+--------------+
; Clock Node Name ; Clock Setting Name ; Type     ; Fmax Requirement ; Early Latency ; Late Latency ; Based on ; Multiply Base Fmax by ; Divide Base Fmax by ; Offset ; Phase offset ;
+-----------------+--------------------+----------+------------------+---------------+--------------+----------+-----------------------+---------------------+--------+--------------+
; CLK             ;                    ; User Pin ; None             ; 0.000 ns      ; 0.000 ns     ; --       ; N/A                   ; N/A                 ; N/A    ;              ;
+-----------------+--------------------+----------+------------------+---------------+--------------+----------+-----------------------+---------------------+--------+--------------+


Parallel compilation was disabled, but you have multiple processors available. Enable parallel compilation to reduce compilation time.
+-------------------------------------+
; Parallel Compilation                ;
+----------------------------+--------+
; Processors                 ; Number ;
+----------------------------+--------+
; Number detected on machine ; 6      ;
; Maximum allowed            ; 1      ;
+----------------------------+--------+


+----------------------------------------------------------------------------------------------------------------------------------------------------------------------------------------------------+
; Clock Setup: 'CLK'                                                                                                                                                                                 ;
+-------+------------------------------------------------+---------------+---------------+------------+----------+-----------------------------+---------------------------+-------------------------+
; Slack ; Actual fmax (period)                           ; From          ; To            ; From Clock ; To Clock ; Required Setup Relationship ; Required Longest P2P Time ; Actual Longest P2P Time ;
+-------+------------------------------------------------+---------------+---------------+------------+----------+-----------------------------+---------------------------+-------------------------+
; N/A   ; Restricted to 340.02 MHz ( period = 2.941 ns ) ; 74194:inst|41 ; 74194:inst|41 ; CLK        ; CLK      ; None                        ; None                      ; 1.551 ns                ;
; N/A   ; Restricted to 340.02 MHz ( period = 2.941 ns ) ; 74194:inst|41 ; 74194:inst|38 ; CLK        ; CLK      ; None                        ; None                      ; 1.540 ns                ;
; N/A   ; Restricted to 340.02 MHz ( period = 2.941 ns ) ; 74194:inst|39 ; 74194:inst|39 ; CLK        ; CLK      ; None                        ; None                      ; 1.538 ns                ;
; N/A   ; Restricted to 340.02 MHz ( period = 2.941 ns ) ; 74194:inst|39 ; 74194:inst|40 ; CLK        ; CLK      ; None                        ; None                      ; 1.513 ns                ;
; N/A   ; Restricted to 340.02 MHz ( period = 2.941 ns ) ; 74194:inst|40 ; 74194:inst|39 ; CLK        ; CLK      ; None                        ; None                      ; 1.355 ns                ;
; N/A   ; Restricted to 340.02 MHz ( period = 2.941 ns ) ; 74194:inst|38 ; 74194:inst|41 ; CLK        ; CLK      ; None                        ; None                      ; 1.353 ns                ;
; N/A   ; Restricted to 340.02 MHz ( period = 2.941 ns ) ; 74194:inst|38 ; 74194:inst|38 ; CLK        ; CLK      ; None                        ; None                      ; 1.341 ns                ;
; N/A   ; Restricted to 340.02 MHz ( period = 2.941 ns ) ; 74194:inst|40 ; 74194:inst|40 ; CLK        ; CLK      ; None                        ; None                      ; 1.336 ns                ;
; N/A   ; Restricted to 340.02 MHz ( period = 2.941 ns ) ; 74194:inst|40 ; 74194:inst|41 ; CLK        ; CLK      ; None                        ; None                      ; 1.253 ns                ;
; N/A   ; Restricted to 340.02 MHz ( period = 2.941 ns ) ; 74194:inst|38 ; 74194:inst|39 ; CLK        ; CLK      ; None                        ; None                      ; 1.231 ns                ;
; N/A   ; Restricted to 340.02 MHz ( period = 2.941 ns ) ; 74194:inst|41 ; 74194:inst|40 ; CLK        ; CLK      ; None                        ; None                      ; 0.956 ns                ;
; N/A   ; Restricted to 340.02 MHz ( period = 2.941 ns ) ; 74194:inst|39 ; 74194:inst|38 ; CLK        ; CLK      ; None                        ; None                      ; 0.952 ns                ;
+-------+------------------------------------------------+---------------+---------------+------------+----------+-----------------------------+---------------------------+-------------------------+


+---------------------------------------------------------------------+
; tsu                                                                 ;
+-------+--------------+------------+------+---------------+----------+
; Slack ; Required tsu ; Actual tsu ; From ; To            ; To Clock ;
+-------+--------------+------------+------+---------------+----------+
; N/A   ; None         ; 5.874 ns   ; S1   ; 74194:inst|41 ; CLK      ;
; N/A   ; None         ; 5.863 ns   ; S1   ; 74194:inst|38 ; CLK      ;
; N/A   ; None         ; 5.859 ns   ; S1   ; 74194:inst|39 ; CLK      ;
; N/A   ; None         ; 5.836 ns   ; S1   ; 74194:inst|40 ; CLK      ;
; N/A   ; None         ; 4.640 ns   ; D1   ; 74194:inst|40 ; CLK      ;
; N/A   ; None         ; 4.616 ns   ; D2   ; 74194:inst|39 ; CLK      ;
; N/A   ; None         ; 4.534 ns   ; D3   ; 74194:inst|38 ; CLK      ;
; N/A   ; None         ; 1.054 ns   ; S0   ; 74194:inst|41 ; CLK      ;
; N/A   ; None         ; 1.043 ns   ; S0   ; 74194:inst|38 ; CLK      ;
; N/A   ; None         ; 1.042 ns   ; S0   ; 74194:inst|39 ; CLK      ;
; N/A   ; None         ; 1.022 ns   ; S0   ; 74194:inst|40 ; CLK      ;
; N/A   ; None         ; 0.108 ns   ; D0   ; 74194:inst|41 ; CLK      ;
+-------+--------------+------------+------+---------------+----------+


+---------------------------------------------------------------------+
; tco                                                                 ;
+-------+--------------+------------+---------------+----+------------+
; Slack ; Required tco ; Actual tco ; From          ; To ; From Clock ;
+-------+--------------+------------+---------------+----+------------+
; N/A   ; None         ; 7.549 ns   ; 74194:inst|40 ; Q1 ; CLK        ;
; N/A   ; None         ; 7.221 ns   ; 74194:inst|39 ; Q2 ; CLK        ;
; N/A   ; None         ; 7.216 ns   ; 74194:inst|38 ; Q3 ; CLK        ;
; N/A   ; None         ; 7.210 ns   ; 74194:inst|41 ; Q0 ; CLK        ;
+-------+--------------+------------+---------------+----+------------+


+---------------------------------------------------------------------------+
; th                                                                        ;
+---------------+-------------+-----------+------+---------------+----------+
; Minimum Slack ; Required th ; Actual th ; From ; To            ; To Clock ;
+---------------+-------------+-----------+------+---------------+----------+
; N/A           ; None        ; 0.158 ns  ; D0   ; 74194:inst|41 ; CLK      ;
; N/A           ; None        ; -0.194 ns ; S0   ; 74194:inst|40 ; CLK      ;
; N/A           ; None        ; -0.198 ns ; S0   ; 74194:inst|38 ; CLK      ;
; N/A           ; None        ; -0.776 ns ; S0   ; 74194:inst|39 ; CLK      ;
; N/A           ; None        ; -0.788 ns ; S0   ; 74194:inst|41 ; CLK      ;
; N/A           ; None        ; -4.268 ns ; D3   ; 74194:inst|38 ; CLK      ;
; N/A           ; None        ; -4.350 ns ; D2   ; 74194:inst|39 ; CLK      ;
; N/A           ; None        ; -4.374 ns ; D1   ; 74194:inst|40 ; CLK      ;
; N/A           ; None        ; -5.009 ns ; S1   ; 74194:inst|41 ; CLK      ;
; N/A           ; None        ; -5.010 ns ; S1   ; 74194:inst|39 ; CLK      ;
; N/A           ; None        ; -5.570 ns ; S1   ; 74194:inst|40 ; CLK      ;
; N/A           ; None        ; -5.597 ns ; S1   ; 74194:inst|38 ; CLK      ;
+---------------+-------------+-----------+------+---------------+----------+


+--------------------------+
; Timing Analyzer Messages ;
+--------------------------+
Info: *******************************************************************
Info: Running Quartus II Classic Timing Analyzer
    Info: Version 9.0 Build 184 04/29/2009 Service Pack 1 SJ Web Edition
    Info: Processing started: Wed Nov 03 18:52:22 2021
Info: Command: quartus_tan --read_settings_files=off --write_settings_files=off sxywjcq -c sxywjcq --timing_analysis_only
Warning: Found pins functioning as undefined clocks and/or memory enables
    Info: Assuming node "CLK" is an undefined clock
Info: Clock "CLK" Internal fmax is restricted to 340.02 MHz between source register "74194:inst|41" and destination register "74194:inst|41"
    Info: fmax restricted to clock pin edge rate 2.941 ns. Expand message to see actual delay path.
        Info: + Longest register to register delay is 1.551 ns
            Info: 1: + IC(0.000 ns) + CELL(0.000 ns) = 0.000 ns; Loc. = LCFF_X1_Y12_N25; Fanout = 4; REG Node = '74194:inst|41'
            Info: 2: + IC(0.479 ns) + CELL(0.370 ns) = 0.849 ns; Loc. = LCCOMB_X1_Y12_N0; Fanout = 1; COMB Node = '74194:inst|37~0'
            Info: 3: + IC(0.388 ns) + CELL(0.206 ns) = 1.443 ns; Loc. = LCCOMB_X1_Y12_N24; Fanout = 1; COMB Node = '74194:inst|37~1'
            Info: 4: + IC(0.000 ns) + CELL(0.108 ns) = 1.551 ns; Loc. = LCFF_X1_Y12_N25; Fanout = 4; REG Node = '74194:inst|41'
            Info: Total cell delay = 0.684 ns ( 44.10 % )
            Info: Total interconnect delay = 0.867 ns ( 55.90 % )
        Info: - Smallest clock skew is 0.000 ns
            Info: + Shortest clock path from clock "CLK" to destination register is 2.752 ns
                Info: 1: + IC(0.000 ns) + CELL(1.100 ns) = 1.100 ns; Loc. = PIN_17; Fanout = 1; CLK Node = 'CLK'
                Info: 2: + IC(0.143 ns) + CELL(0.000 ns) = 1.243 ns; Loc. = CLKCTRL_G2; Fanout = 4; COMB Node = 'CLK~clkctrl'
                Info: 3: + IC(0.843 ns) + CELL(0.666 ns) = 2.752 ns; Loc. = LCFF_X1_Y12_N25; Fanout = 4; REG Node = '74194:inst|41'
                Info: Total cell delay = 1.766 ns ( 64.17 % )
                Info: Total interconnect delay = 0.986 ns ( 35.83 % )
            Info: - Longest clock path from clock "CLK" to source register is 2.752 ns
                Info: 1: + IC(0.000 ns) + CELL(1.100 ns) = 1.100 ns; Loc. = PIN_17; Fanout = 1; CLK Node = 'CLK'
                Info: 2: + IC(0.143 ns) + CELL(0.000 ns) = 1.243 ns; Loc. = CLKCTRL_G2; Fanout = 4; COMB Node = 'CLK~clkctrl'
                Info: 3: + IC(0.843 ns) + CELL(0.666 ns) = 2.752 ns; Loc. = LCFF_X1_Y12_N25; Fanout = 4; REG Node = '74194:inst|41'
                Info: Total cell delay = 1.766 ns ( 64.17 % )
                Info: Total interconnect delay = 0.986 ns ( 35.83 % )
        Info: + Micro clock to output delay of source is 0.304 ns
        Info: + Micro setup delay of destination is -0.040 ns
Info: tsu for register "74194:inst|41" (data pin = "S1", clock pin = "CLK") is 5.874 ns
    Info: + Longest pin to register delay is 8.666 ns
        Info: 1: + IC(0.000 ns) + CELL(0.954 ns) = 0.954 ns; Loc. = PIN_42; Fanout = 6; PIN Node = 'S1'
        Info: 2: + IC(6.386 ns) + CELL(0.624 ns) = 7.964 ns; Loc. = LCCOMB_X1_Y12_N0; Fanout = 1; COMB Node = '74194:inst|37~0'
        Info: 3: + IC(0.388 ns) + CELL(0.206 ns) = 8.558 ns; Loc. = LCCOMB_X1_Y12_N24; Fanout = 1; COMB Node = '74194:inst|37~1'
        Info: 4: + IC(0.000 ns) + CELL(0.108 ns) = 8.666 ns; Loc. = LCFF_X1_Y12_N25; Fanout = 4; REG Node = '74194:inst|41'
        Info: Total cell delay = 1.892 ns ( 21.83 % )
        Info: Total interconnect delay = 6.774 ns ( 78.17 % )
    Info: + Micro setup delay of destination is -0.040 ns
    Info: - Shortest clock path from clock "CLK" to destination register is 2.752 ns
        Info: 1: + IC(0.000 ns) + CELL(1.100 ns) = 1.100 ns; Loc. = PIN_17; Fanout = 1; CLK Node = 'CLK'
        Info: 2: + IC(0.143 ns) + CELL(0.000 ns) = 1.243 ns; Loc. = CLKCTRL_G2; Fanout = 4; COMB Node = 'CLK~clkctrl'
        Info: 3: + IC(0.843 ns) + CELL(0.666 ns) = 2.752 ns; Loc. = LCFF_X1_Y12_N25; Fanout = 4; REG Node = '74194:inst|41'
        Info: Total cell delay = 1.766 ns ( 64.17 % )
        Info: Total interconnect delay = 0.986 ns ( 35.83 % )
Info: tco from clock "CLK" to destination pin "Q1" through register "74194:inst|40" is 7.549 ns
    Info: + Longest clock path from clock "CLK" to source register is 2.752 ns
        Info: 1: + IC(0.000 ns) + CELL(1.100 ns) = 1.100 ns; Loc. = PIN_17; Fanout = 1; CLK Node = 'CLK'
        Info: 2: + IC(0.143 ns) + CELL(0.000 ns) = 1.243 ns; Loc. = CLKCTRL_G2; Fanout = 4; COMB Node = 'CLK~clkctrl'
        Info: 3: + IC(0.843 ns) + CELL(0.666 ns) = 2.752 ns; Loc. = LCFF_X1_Y12_N11; Fanout = 4; REG Node = '74194:inst|40'
        Info: Total cell delay = 1.766 ns ( 64.17 % )
        Info: Total interconnect delay = 0.986 ns ( 35.83 % )
    Info: + Micro clock to output delay of source is 0.304 ns
    Info: + Longest register to pin delay is 4.493 ns
        Info: 1: + IC(0.000 ns) + CELL(0.000 ns) = 0.000 ns; Loc. = LCFF_X1_Y12_N11; Fanout = 4; REG Node = '74194:inst|40'
        Info: 2: + IC(1.427 ns) + CELL(3.066 ns) = 4.493 ns; Loc. = PIN_27; Fanout = 0; PIN Node = 'Q1'
        Info: Total cell delay = 3.066 ns ( 68.24 % )
        Info: Total interconnect delay = 1.427 ns ( 31.76 % )
Info: th for register "74194:inst|41" (data pin = "D0", clock pin = "CLK") is 0.158 ns
    Info: + Longest clock path from clock "CLK" to destination register is 2.752 ns
        Info: 1: + IC(0.000 ns) + CELL(1.100 ns) = 1.100 ns; Loc. = PIN_17; Fanout = 1; CLK Node = 'CLK'
        Info: 2: + IC(0.143 ns) + CELL(0.000 ns) = 1.243 ns; Loc. = CLKCTRL_G2; Fanout = 4; COMB Node = 'CLK~clkctrl'
        Info: 3: + IC(0.843 ns) + CELL(0.666 ns) = 2.752 ns; Loc. = LCFF_X1_Y12_N25; Fanout = 4; REG Node = '74194:inst|41'
        Info: Total cell delay = 1.766 ns ( 64.17 % )
        Info: Total interconnect delay = 0.986 ns ( 35.83 % )
    Info: + Micro hold delay of destination is 0.306 ns
    Info: - Shortest pin to register delay is 2.900 ns
        Info: 1: + IC(0.000 ns) + CELL(1.100 ns) = 1.100 ns; Loc. = PIN_22; Fanout = 1; PIN Node = 'D0'
        Info: 2: + IC(1.326 ns) + CELL(0.366 ns) = 2.792 ns; Loc. = LCCOMB_X1_Y12_N24; Fanout = 1; COMB Node = '74194:inst|37~1'
        Info: 3: + IC(0.000 ns) + CELL(0.108 ns) = 2.900 ns; Loc. = LCFF_X1_Y12_N25; Fanout = 4; REG Node = '74194:inst|41'
        Info: Total cell delay = 1.574 ns ( 54.28 % )
        Info: Total interconnect delay = 1.326 ns ( 45.72 % )
Info: Quartus II Classic Timing Analyzer was successful. 0 errors, 1 warning
    Info: Peak virtual memory: 193 megabytes
    Info: Processing ended: Wed Nov 03 18:52:22 2021
    Info: Elapsed time: 00:00:00
    Info: Total CPU time (on all processors): 00:00:00


