Classic Timing Analyzer report for vhdls
Wed Nov 03 21:25:05 2021
Quartus II Version 9.0 Build 184 04/29/2009 Service Pack 1 SJ Web Edition


---------------------
; Table of Contents ;
---------------------
  1. Legal Notice
  2. Timing Analyzer Summary
  3. Timing Analyzer Settings
  4. Clock Settings Summary
  5. Parallel Compilation
  6. Clock Setup: 'clk'
  7. tsu
  8. tco
  9. th
 10. Timing Analyzer Messages



----------------
; Legal Notice ;
----------------
Copyright (C) 1991-2009 Altera Corporation
Your use of Altera Corporation's design tools, logic functions 
and other software and tools, and its AMPP partner logic 
functions, and any output files from any of the foregoing 
(including device programming or simulation files), and any 
associated documentation or information are expressly subject 
to the terms and conditions of the Altera Program License 
Subscription Agreement, Altera MegaCore Function License 
Agreement, or other applicable license agreement, including, 
without limitation, that your use is for the sole purpose of 
programming logic devices manufactured by Altera and sold by 
Altera or its authorized distributors.  Please refer to the 
applicable agreement for further details.



+--------------------------------------------------------------------------------------------------------------------------------------------------------------+
; Timing Analyzer Summary                                                                                                                                      ;
+------------------------------+-------+---------------+------------------------------------------------+-------+-------+------------+----------+--------------+
; Type                         ; Slack ; Required Time ; Actual Time                                    ; From  ; To    ; From Clock ; To Clock ; Failed Paths ;
+------------------------------+-------+---------------+------------------------------------------------+-------+-------+------------+----------+--------------+
; Worst-case tsu               ; N/A   ; None          ; 5.166 ns                                       ; p[0]  ; qs[0] ; --         ; clk      ; 0            ;
; Worst-case tco               ; N/A   ; None          ; 7.869 ns                                       ; qs[1] ; q[1]  ; clk        ; --       ; 0            ;
; Worst-case th                ; N/A   ; None          ; 0.983 ns                                       ; s0    ; qs[2] ; --         ; clk      ; 0            ;
; Clock Setup: 'clk'           ; N/A   ; None          ; Restricted to 340.02 MHz ( period = 2.941 ns ) ; qs[0] ; qs[1] ; clk        ; clk      ; 0            ;
; Total number of failed paths ;       ;               ;                                                ;       ;       ;            ;          ; 0            ;
+------------------------------+-------+---------------+------------------------------------------------+-------+-------+------------+----------+--------------+


+--------------------------------------------------------------------------------------------------------------------+
; Timing Analyzer Settings                                                                                           ;
+---------------------------------------------------------------------+--------------------+------+----+-------------+
; Option                                                              ; Setting            ; From ; To ; Entity Name ;
+---------------------------------------------------------------------+--------------------+------+----+-------------+
; Device Name                                                         ; EP2C5T144C8        ;      ;    ;             ;
; Timing Models                                                       ; Final              ;      ;    ;             ;
; Default hold multicycle                                             ; Same as Multicycle ;      ;    ;             ;
; Cut paths between unrelated clock domains                           ; On                 ;      ;    ;             ;
; Cut off read during write signal paths                              ; On                 ;      ;    ;             ;
; Cut off feedback from I/O pins                                      ; On                 ;      ;    ;             ;
; Report Combined Fast/Slow Timing                                    ; Off                ;      ;    ;             ;
; Ignore Clock Settings                                               ; Off                ;      ;    ;             ;
; Analyze latches as synchronous elements                             ; On                 ;      ;    ;             ;
; Enable Recovery/Removal analysis                                    ; Off                ;      ;    ;             ;
; Enable Clock Latency                                                ; Off                ;      ;    ;             ;
; Use TimeQuest Timing Analyzer                                       ; Off                ;      ;    ;             ;
; Minimum Core Junction Temperature                                   ; 0                  ;      ;    ;             ;
; Maximum Core Junction Temperature                                   ; 85                 ;      ;    ;             ;
; Number of source nodes to report per destination node               ; 10                 ;      ;    ;             ;
; Number of destination nodes to report                               ; 10                 ;      ;    ;             ;
; Number of paths to report                                           ; 200                ;      ;    ;             ;
; Report Minimum Timing Checks                                        ; Off                ;      ;    ;             ;
; Use Fast Timing Models                                              ; Off                ;      ;    ;             ;
; Report IO Paths Separately                                          ; Off                ;      ;    ;             ;
; Perform Multicorner Analysis                                        ; On                 ;      ;    ;             ;
; Reports the worst-case path for each clock domain and analysis      ; Off                ;      ;    ;             ;
; Removes common clock path pessimism (CCPP) during slack computation ; Off                ;      ;    ;             ;
; Output I/O Timing Endpoint                                          ; Near End           ;      ;    ;             ;
+---------------------------------------------------------------------+--------------------+------+----+-------------+


+------------------------------------------------------------------------------------------------------------------------------------------------------------------------------------+
; Clock Settings Summary                                                                                                                                                             ;
+-----------------+--------------------+----------+------------------+---------------+--------------+----------+-----------------------+---------------------+--------+--------------+
; Clock Node Name ; Clock Setting Name ; Type     ; Fmax Requirement ; Early Latency ; Late Latency ; Based on ; Multiply Base Fmax by ; Divide Base Fmax by ; Offset ; Phase offset ;
+-----------------+--------------------+----------+------------------+---------------+--------------+----------+-----------------------+---------------------+--------+--------------+
; clk             ;                    ; User Pin ; None             ; 0.000 ns      ; 0.000 ns     ; --       ; N/A                   ; N/A                 ; N/A    ;              ;
+-----------------+--------------------+----------+------------------+---------------+--------------+----------+-----------------------+---------------------+--------+--------------+


Parallel compilation was disabled, but you have multiple processors available. Enable parallel compilation to reduce compilation time.
+-------------------------------------+
; Parallel Compilation                ;
+----------------------------+--------+
; Processors                 ; Number ;
+----------------------------+--------+
; Number detected on machine ; 6      ;
; Maximum allowed            ; 1      ;
+----------------------------+--------+


+------------------------------------------------------------------------------------------------------------------------------------------------------------------------------------+
; Clock Setup: 'clk'                                                                                                                                                                 ;
+-------+------------------------------------------------+-------+-------+------------+----------+-----------------------------+---------------------------+-------------------------+
; Slack ; Actual fmax (period)                           ; From  ; To    ; From Clock ; To Clock ; Required Setup Relationship ; Required Longest P2P Time ; Actual Longest P2P Time ;
+-------+------------------------------------------------+-------+-------+------------+----------+-----------------------------+---------------------------+-------------------------+
; N/A   ; Restricted to 340.02 MHz ( period = 2.941 ns ) ; qs[0] ; qs[1] ; clk        ; clk      ; None                        ; None                      ; 1.246 ns                ;
; N/A   ; Restricted to 340.02 MHz ( period = 2.941 ns ) ; qs[2] ; qs[3] ; clk        ; clk      ; None                        ; None                      ; 1.243 ns                ;
; N/A   ; Restricted to 340.02 MHz ( period = 2.941 ns ) ; qs[1] ; qs[0] ; clk        ; clk      ; None                        ; None                      ; 1.212 ns                ;
; N/A   ; Restricted to 340.02 MHz ( period = 2.941 ns ) ; qs[1] ; qs[2] ; clk        ; clk      ; None                        ; None                      ; 1.183 ns                ;
; N/A   ; Restricted to 340.02 MHz ( period = 2.941 ns ) ; qs[3] ; qs[0] ; clk        ; clk      ; None                        ; None                      ; 0.974 ns                ;
; N/A   ; Restricted to 340.02 MHz ( period = 2.941 ns ) ; qs[2] ; qs[1] ; clk        ; clk      ; None                        ; None                      ; 0.925 ns                ;
; N/A   ; Restricted to 340.02 MHz ( period = 2.941 ns ) ; qs[0] ; qs[3] ; clk        ; clk      ; None                        ; None                      ; 0.924 ns                ;
; N/A   ; Restricted to 340.02 MHz ( period = 2.941 ns ) ; qs[3] ; qs[2] ; clk        ; clk      ; None                        ; None                      ; 0.910 ns                ;
+-------+------------------------------------------------+-------+-------+------------+----------+-----------------------------+---------------------------+-------------------------+


+-------------------------------------------------------------+
; tsu                                                         ;
+-------+--------------+------------+------+-------+----------+
; Slack ; Required tsu ; Actual tsu ; From ; To    ; To Clock ;
+-------+--------------+------------+------+-------+----------+
; N/A   ; None         ; 5.166 ns   ; p[0] ; qs[0] ; clk      ;
; N/A   ; None         ; 4.953 ns   ; p[2] ; qs[2] ; clk      ;
; N/A   ; None         ; 4.494 ns   ; p[1] ; qs[1] ; clk      ;
; N/A   ; None         ; 4.482 ns   ; p[3] ; qs[3] ; clk      ;
; N/A   ; None         ; 0.780 ns   ; s0   ; qs[0] ; clk      ;
; N/A   ; None         ; 0.780 ns   ; s0   ; qs[1] ; clk      ;
; N/A   ; None         ; 0.780 ns   ; s0   ; qs[3] ; clk      ;
; N/A   ; None         ; 0.780 ns   ; s0   ; qs[2] ; clk      ;
; N/A   ; None         ; 0.343 ns   ; s1   ; qs[0] ; clk      ;
; N/A   ; None         ; 0.343 ns   ; s1   ; qs[1] ; clk      ;
; N/A   ; None         ; 0.343 ns   ; s1   ; qs[3] ; clk      ;
; N/A   ; None         ; 0.343 ns   ; s1   ; qs[2] ; clk      ;
+-------+--------------+------------+------+-------+----------+


+---------------------------------------------------------------+
; tco                                                           ;
+-------+--------------+------------+-------+------+------------+
; Slack ; Required tco ; Actual tco ; From  ; To   ; From Clock ;
+-------+--------------+------------+-------+------+------------+
; N/A   ; None         ; 7.869 ns   ; qs[1] ; q[1] ; clk        ;
; N/A   ; None         ; 7.544 ns   ; qs[3] ; q[3] ; clk        ;
; N/A   ; None         ; 7.531 ns   ; qs[0] ; q[0] ; clk        ;
; N/A   ; None         ; 7.209 ns   ; qs[2] ; q[2] ; clk        ;
+-------+--------------+------------+-------+------+------------+


+-------------------------------------------------------------------+
; th                                                                ;
+---------------+-------------+-----------+------+-------+----------+
; Minimum Slack ; Required th ; Actual th ; From ; To    ; To Clock ;
+---------------+-------------+-----------+------+-------+----------+
; N/A           ; None        ; 0.983 ns  ; s0   ; qs[2] ; clk      ;
; N/A           ; None        ; 0.589 ns  ; s0   ; qs[3] ; clk      ;
; N/A           ; None        ; 0.587 ns  ; s0   ; qs[1] ; clk      ;
; N/A           ; None        ; 0.556 ns  ; s0   ; qs[0] ; clk      ;
; N/A           ; None        ; 0.526 ns  ; s1   ; qs[0] ; clk      ;
; N/A           ; None        ; 0.526 ns  ; s1   ; qs[1] ; clk      ;
; N/A           ; None        ; 0.526 ns  ; s1   ; qs[3] ; clk      ;
; N/A           ; None        ; 0.526 ns  ; s1   ; qs[2] ; clk      ;
; N/A           ; None        ; -4.216 ns ; p[3] ; qs[3] ; clk      ;
; N/A           ; None        ; -4.228 ns ; p[1] ; qs[1] ; clk      ;
; N/A           ; None        ; -4.687 ns ; p[2] ; qs[2] ; clk      ;
; N/A           ; None        ; -4.900 ns ; p[0] ; qs[0] ; clk      ;
+---------------+-------------+-----------+------+-------+----------+


+--------------------------+
; Timing Analyzer Messages ;
+--------------------------+
Info: *******************************************************************
Info: Running Quartus II Classic Timing Analyzer
    Info: Version 9.0 Build 184 04/29/2009 Service Pack 1 SJ Web Edition
    Info: Processing started: Wed Nov 03 21:25:05 2021
Info: Command: quartus_tan --read_settings_files=off --write_settings_files=off vhdls -c vhdls --timing_analysis_only
Warning: Found pins functioning as undefined clocks and/or memory enables
    Info: Assuming node "clk" is an undefined clock
Info: Clock "clk" Internal fmax is restricted to 340.02 MHz between source register "qs[0]" and destination register "qs[1]"
    Info: fmax restricted to clock pin edge rate 2.941 ns. Expand message to see actual delay path.
        Info: + Longest register to register delay is 1.246 ns
            Info: 1: + IC(0.000 ns) + CELL(0.000 ns) = 0.000 ns; Loc. = LCFF_X1_Y6_N17; Fanout = 3; REG Node = 'qs[0]'
            Info: 2: + IC(0.487 ns) + CELL(0.651 ns) = 1.138 ns; Loc. = LCCOMB_X1_Y6_N2; Fanout = 1; COMB Node = 'qs[1]~13'
            Info: 3: + IC(0.000 ns) + CELL(0.108 ns) = 1.246 ns; Loc. = LCFF_X1_Y6_N3; Fanout = 3; REG Node = 'qs[1]'
            Info: Total cell delay = 0.759 ns ( 60.91 % )
            Info: Total interconnect delay = 0.487 ns ( 39.09 % )
        Info: - Smallest clock skew is 0.000 ns
            Info: + Shortest clock path from clock "clk" to destination register is 2.721 ns
                Info: 1: + IC(0.000 ns) + CELL(1.100 ns) = 1.100 ns; Loc. = PIN_17; Fanout = 1; CLK Node = 'clk'
                Info: 2: + IC(0.143 ns) + CELL(0.000 ns) = 1.243 ns; Loc. = CLKCTRL_G2; Fanout = 4; COMB Node = 'clk~clkctrl'
                Info: 3: + IC(0.812 ns) + CELL(0.666 ns) = 2.721 ns; Loc. = LCFF_X1_Y6_N3; Fanout = 3; REG Node = 'qs[1]'
                Info: Total cell delay = 1.766 ns ( 64.90 % )
                Info: Total interconnect delay = 0.955 ns ( 35.10 % )
            Info: - Longest clock path from clock "clk" to source register is 2.721 ns
                Info: 1: + IC(0.000 ns) + CELL(1.100 ns) = 1.100 ns; Loc. = PIN_17; Fanout = 1; CLK Node = 'clk'
                Info: 2: + IC(0.143 ns) + CELL(0.000 ns) = 1.243 ns; Loc. = CLKCTRL_G2; Fanout = 4; COMB Node = 'clk~clkctrl'
                Info: 3: + IC(0.812 ns) + CELL(0.666 ns) = 2.721 ns; Loc. = LCFF_X1_Y6_N17; Fanout = 3; REG Node = 'qs[0]'
                Info: Total cell delay = 1.766 ns ( 64.90 % )
                Info: Total interconnect delay = 0.955 ns ( 35.10 % )
        Info: + Micro clock to output delay of source is 0.304 ns
        Info: + Micro setup delay of destination is -0.040 ns
Info: tsu for register "qs[0]" (data pin = "p[0]", clock pin = "clk") is 5.166 ns
    Info: + Longest pin to register delay is 7.927 ns
        Info: 1: + IC(0.000 ns) + CELL(0.954 ns) = 0.954 ns; Loc. = PIN_42; Fanout = 1; PIN Node = 'p[0]'
        Info: 2: + IC(6.215 ns) + CELL(0.650 ns) = 7.819 ns; Loc. = LCCOMB_X1_Y6_N16; Fanout = 1; COMB Node = 'qs[0]~12'
        Info: 3: + IC(0.000 ns) + CELL(0.108 ns) = 7.927 ns; Loc. = LCFF_X1_Y6_N17; Fanout = 3; REG Node = 'qs[0]'
        Info: Total cell delay = 1.712 ns ( 21.60 % )
        Info: Total interconnect delay = 6.215 ns ( 78.40 % )
    Info: + Micro setup delay of destination is -0.040 ns
    Info: - Shortest clock path from clock "clk" to destination register is 2.721 ns
        Info: 1: + IC(0.000 ns) + CELL(1.100 ns) = 1.100 ns; Loc. = PIN_17; Fanout = 1; CLK Node = 'clk'
        Info: 2: + IC(0.143 ns) + CELL(0.000 ns) = 1.243 ns; Loc. = CLKCTRL_G2; Fanout = 4; COMB Node = 'clk~clkctrl'
        Info: 3: + IC(0.812 ns) + CELL(0.666 ns) = 2.721 ns; Loc. = LCFF_X1_Y6_N17; Fanout = 3; REG Node = 'qs[0]'
        Info: Total cell delay = 1.766 ns ( 64.90 % )
        Info: Total interconnect delay = 0.955 ns ( 35.10 % )
Info: tco from clock "clk" to destination pin "q[1]" through register "qs[1]" is 7.869 ns
    Info: + Longest clock path from clock "clk" to source register is 2.721 ns
        Info: 1: + IC(0.000 ns) + CELL(1.100 ns) = 1.100 ns; Loc. = PIN_17; Fanout = 1; CLK Node = 'clk'
        Info: 2: + IC(0.143 ns) + CELL(0.000 ns) = 1.243 ns; Loc. = CLKCTRL_G2; Fanout = 4; COMB Node = 'clk~clkctrl'
        Info: 3: + IC(0.812 ns) + CELL(0.666 ns) = 2.721 ns; Loc. = LCFF_X1_Y6_N3; Fanout = 3; REG Node = 'qs[1]'
        Info: Total cell delay = 1.766 ns ( 64.90 % )
        Info: Total interconnect delay = 0.955 ns ( 35.10 % )
    Info: + Micro clock to output delay of source is 0.304 ns
    Info: + Longest register to pin delay is 4.844 ns
        Info: 1: + IC(0.000 ns) + CELL(0.000 ns) = 0.000 ns; Loc. = LCFF_X1_Y6_N3; Fanout = 3; REG Node = 'qs[1]'
        Info: 2: + IC(1.778 ns) + CELL(3.066 ns) = 4.844 ns; Loc. = PIN_4; Fanout = 0; PIN Node = 'q[1]'
        Info: Total cell delay = 3.066 ns ( 63.29 % )
        Info: Total interconnect delay = 1.778 ns ( 36.71 % )
Info: th for register "qs[2]" (data pin = "s0", clock pin = "clk") is 0.983 ns
    Info: + Longest clock path from clock "clk" to destination register is 2.721 ns
        Info: 1: + IC(0.000 ns) + CELL(1.100 ns) = 1.100 ns; Loc. = PIN_17; Fanout = 1; CLK Node = 'clk'
        Info: 2: + IC(0.143 ns) + CELL(0.000 ns) = 1.243 ns; Loc. = CLKCTRL_G2; Fanout = 4; COMB Node = 'clk~clkctrl'
        Info: 3: + IC(0.812 ns) + CELL(0.666 ns) = 2.721 ns; Loc. = LCFF_X1_Y6_N21; Fanout = 3; REG Node = 'qs[2]'
        Info: Total cell delay = 1.766 ns ( 64.90 % )
        Info: Total interconnect delay = 0.955 ns ( 35.10 % )
    Info: + Micro hold delay of destination is 0.306 ns
    Info: - Shortest pin to register delay is 2.044 ns
        Info: 1: + IC(0.000 ns) + CELL(1.100 ns) = 1.100 ns; Loc. = PIN_21; Fanout = 5; PIN Node = 's0'
        Info: 2: + IC(0.630 ns) + CELL(0.206 ns) = 1.936 ns; Loc. = LCCOMB_X1_Y6_N20; Fanout = 1; COMB Node = 'qs[2]~14'
        Info: 3: + IC(0.000 ns) + CELL(0.108 ns) = 2.044 ns; Loc. = LCFF_X1_Y6_N21; Fanout = 3; REG Node = 'qs[2]'
        Info: Total cell delay = 1.414 ns ( 69.18 % )
        Info: Total interconnect delay = 0.630 ns ( 30.82 % )
Info: Quartus II Classic Timing Analyzer was successful. 0 errors, 1 warning
    Info: Peak virtual memory: 192 megabytes
    Info: Processing ended: Wed Nov 03 21:25:05 2021
    Info: Elapsed time: 00:00:00
    Info: Total CPU time (on all processors): 00:00:00


